# JRE version: Java(TM) SE Runtime Environment (8.0_121-b13) (build 1.8.0_121-b13)
# Java VM: Java HotSpot(TM) 64-Bit Server VM (25.121-b13 mixed mode windows-amd64 compressed oops)
Heap:
 PSYoungGen      total 39424K, used 18285K [0x00000000eab00000, 0x00000000edb80000, 0x0000000100000000)
  eden space 32256K, 42% used [0x00000000eab00000,0x00000000eb85b0e0,0x00000000eca80000)
  from space 7168K, 64% used [0x00000000ed180000,0x00000000ed600600,0x00000000ed880000)
  to   space 7168K, 0% used [0x00000000eca80000,0x00000000eca80000,0x00000000ed180000)
 ParOldGen       total 34304K, used 7213K [0x00000000c0000000, 0x00000000c2180000, 0x00000000eab00000)
  object space 34304K, 21% used [0x00000000c0000000,0x00000000c070b728,0x00000000c2180000)
 Metaspace       used 27947K, capacity 28438K, committed 28672K, reserved 1073152K
  class space    used 3835K, capacity 3989K, committed 4096K, reserved 1048576K
GC Heap History (10 events):
Event: 4.062 GC heap before
{Heap before GC invocations=7 (full 0):
 PSYoungGen      total 22528K, used 16385K [0x00000000eab00000, 0x00000000ed900000, 0x0000000100000000)
  eden space 15872K, 64% used [0x00000000eab00000,0x00000000eb4f86d8,0x00000000eba80000)
  from space 6656K, 92% used [0x00000000ec180000,0x00000000ec7880c0,0x00000000ec800000)
  to   space 7168K, 0% used [0x00000000eba80000,0x00000000eba80000,0x00000000ec180000)
 ParOldGen       total 44032K, used 6805K [0x00000000c0000000, 0x00000000c2b00000, 0x00000000eab00000)
  object space 44032K, 15% used [0x00000000c0000000,0x00000000c06a5718,0x00000000c2b00000)
 Metaspace       used 20782K, capacity 21186K, committed 21296K, reserved 1067008K
  class space    used 2847K, capacity 2942K, committed 2944K, reserved 1048576K
Event: 4.075 GC heap after
Heap after GC invocations=7 (full 0):
 PSYoungGen      total 23040K, used 4831K [0x00000000eab00000, 0x00000000ed800000, 0x0000000100000000)
  eden space 15872K, 0% used [0x00000000eab00000,0x00000000eab00000,0x00000000eba80000)
  from space 7168K, 67% used [0x00000000eba80000,0x00000000ebf37fb0,0x00000000ec180000)
  to   space 7168K, 0% used [0x00000000ed100000,0x00000000ed100000,0x00000000ed800000)
 ParOldGen       total 44032K, used 7569K [0x00000000c0000000, 0x00000000c2b00000, 0x00000000eab00000)
  object space 44032K, 17% used [0x00000000c0000000,0x00000000c0764778,0x00000000c2b00000)
 Metaspace       used 20782K, capacity 21186K, committed 21296K, reserved 1067008K
  class space    used 2847K, capacity 2942K, committed 2944K, reserved 1048576K
}
Event: 4.075 GC heap before
{Heap before GC invocations=8 (full 1):
 PSYoungGen      total 23040K, used 4831K [0x00000000eab00000, 0x00000000ed800000, 0x0000000100000000)
  eden space 15872K, 0% used [0x00000000eab00000,0x00000000eab00000,0x00000000eba80000)
  from space 7168K, 67% used [0x00000000eba80000,0x00000000ebf37fb0,0x00000000ec180000)
  to   space 7168K, 0% used [0x00000000ed100000,0x00000000ed100000,0x00000000ed800000)
 ParOldGen       total 44032K, used 7569K [0x00000000c0000000, 0x00000000c2b00000, 0x00000000eab00000)
  object space 44032K, 17% used [0x00000000c0000000,0x00000000c0764778,0x00000000c2b00000)
 Metaspace       used 20782K, capacity 21186K, committed 21296K, reserved 1067008K
  class space    used 2847K, capacity 2942K, committed 2944K, reserved 1048576K
Event: 4.143 GC heap after
Heap after GC invocations=8 (full 1):
 PSYoungGen      total 23040K, used 0K [0x00000000eab00000, 0x00000000ed800000, 0x0000000100000000)
  eden space 15872K, 0% used [0x00000000eab00000,0x00000000eab00000,0x00000000eba80000)
  from space 7168K, 0% used [0x00000000eba80000,0x00000000eba80000,0x00000000ec180000)
  to   space 7168K, 0% used [0x00000000ed100000,0x00000000ed100000,0x00000000ed800000)
 ParOldGen       total 34304K, used 7205K [0x00000000c0000000, 0x00000000c2180000, 0x00000000eab00000)
  object space 34304K, 21% used [0x00000000c0000000,0x00000000c0709728,0x00000000c2180000)
 Metaspace       used 20782K, capacity 21186K, committed 21296K, reserved 1067008K
  class space    used 2847K, capacity 2942K, committed 2944K, reserved 1048576K
}
Event: 4.544 GC heap before
{Heap before GC invocations=9 (full 1):
 PSYoungGen      total 23040K, used 15872K [0x00000000eab00000, 0x00000000ed800000, 0x0000000100000000)
  eden space 15872K, 100% used [0x00000000eab00000,0x00000000eba80000,0x00000000eba80000)
  from space 7168K, 0% used [0x00000000eba80000,0x00000000eba80000,0x00000000ec180000)
  to   space 7168K, 0% used [0x00000000ed100000,0x00000000ed100000,0x00000000ed800000)
 ParOldGen       total 34304K, used 7205K [0x00000000c0000000, 0x00000000c2180000, 0x00000000eab00000)
  object space 34304K, 21% used [0x00000000c0000000,0x00000000c0709728,0x00000000c2180000)
 Metaspace       used 22312K, capacity 22638K, committed 23040K, reserved 1069056K
  class space    used 3121K, capacity 3233K, committed 3328K, reserved 1048576K
Event: 4.549 GC heap after
Heap after GC invocations=9 (full 1):
 PSYoungGen      total 27136K, used 2120K [0x00000000eab00000, 0x00000000ed380000, 0x0000000100000000)
  eden space 24576K, 0% used [0x00000000eab00000,0x00000000eab00000,0x00000000ec300000)
  from space 2560K, 82% used [0x00000000ed100000,0x00000000ed312310,0x00000000ed380000)
  to   space 7168K, 0% used [0x00000000ec580000,0x00000000ec580000,0x00000000ecc80000)
 ParOldGen       total 34304K, used 7205K [0x00000000c0000000, 0x00000000c2180000, 0x00000000eab00000)
  object space 34304K, 21% used [0x00000000c0000000,0x00000000c0709728,0x00000000c2180000)
 Metaspace       used 22312K, capacity 22638K, committed 23040K, reserved 1069056K
  class space    used 3121K, capacity 3233K, committed 3328K, reserved 1048576K
}
Event: 6.391 GC heap before
{Heap before GC invocations=10 (full 1):
 PSYoungGen      total 27136K, used 26696K [0x00000000eab00000, 0x00000000ed380000, 0x0000000100000000)
  eden space 24576K, 100% used [0x00000000eab00000,0x00000000ec300000,0x00000000ec300000)
  from space 2560K, 82% used [0x00000000ed100000,0x00000000ed312310,0x00000000ed380000)
  to   space 7168K, 0% used [0x00000000ec580000,0x00000000ec580000,0x00000000ecc80000)
 ParOldGen       total 34304K, used 7205K [0x00000000c0000000, 0x00000000c2180000, 0x00000000eab00000)
  object space 34304K, 21% used [0x00000000c0000000,0x00000000c0709728,0x00000000c2180000)
 Metaspace       used 24264K, capacity 24688K, committed 24960K, reserved 1071104K
  class space    used 3309K, capacity 3402K, committed 3456K, reserved 1048576K
Event: 6.397 GC heap after
Heap after GC invocations=10 (full 1):
 PSYoungGen      total 34304K, used 3004K [0x00000000eab00000, 0x00000000ed880000, 0x0000000100000000)
  eden space 27136K, 0% used [0x00000000eab00000,0x00000000eab00000,0x00000000ec580000)
  from space 7168K, 41% used [0x00000000ec580000,0x00000000ec86f208,0x00000000ecc80000)
  to   space 7168K, 0% used [0x00000000ed180000,0x00000000ed180000,0x00000000ed880000)
 ParOldGen       total 34304K, used 7213K [0x00000000c0000000, 0x00000000c2180000, 0x00000000eab00000)
  object space 34304K, 21% used [0x00000000c0000000,0x00000000c070b728,0x00000000c2180000)
 Metaspace       used 24264K, capacity 24688K, committed 24960K, reserved 1071104K
  class space    used 3309K, capacity 3402K, committed 3456K, reserved 1048576K
}
Event: 7.394 GC heap before
{Heap before GC invocations=11 (full 1):
 PSYoungGen      total 34304K, used 30140K [0x00000000eab00000, 0x00000000ed880000, 0x0000000100000000)
  eden space 27136K, 100% used [0x00000000eab00000,0x00000000ec580000,0x00000000ec580000)
  from space 7168K, 41% used [0x00000000ec580000,0x00000000ec86f208,0x00000000ecc80000)
  to   space 7168K, 0% used [0x00000000ed180000,0x00000000ed180000,0x00000000ed880000)
 ParOldGen       total 34304K, used 7213K [0x00000000c0000000, 0x00000000c2180000, 0x00000000eab00000)
  object space 34304K, 21% used [0x00000000c0000000,0x00000000c070b728,0x00000000c2180000)
 Metaspace       used 25676K, capacity 26150K, committed 26240K, reserved 1071104K
  class space    used 3565K, capacity 3695K, committed 3712K, reserved 1048576K
Event: 7.407 GC heap after
Heap after GC invocations=11 (full 1):
 PSYoungGen      total 39424K, used 4609K [0x00000000eab00000, 0x00000000edb80000, 0x0000000100000000)
  eden space 32256K, 0% used [0x00000000eab00000,0x00000000eab00000,0x00000000eca80000)
  from space 7168K, 64% used [0x00000000ed180000,0x00000000ed600600,0x00000000ed880000)
  to   space 7168K, 0% used [0x00000000eca80000,0x00000000eca80000,0x00000000ed180000)
 ParOldGen       total 34304K, used 7213K [0x00000000c0000000, 0x00000000c2180000, 0x00000000eab00000)
  object space 34304K, 21% used [0x00000000c0000000,0x00000000c070b728,0x00000000c2180000)
 Metaspace       used 25676K, capacity 26150K, committed 26240K, reserved 1071104K
  class space    used 3565K, capacity 3695K, committed 3712K, reserved 1048576K
}

